<?xml version="1.0" encoding="UTF-8"?>
<!-- Generated by org.testng.reporters.JUnitXMLReporter -->
<testsuite ignored="3" hostname="DESKTOP-CMMN98B" failures="0" tests="0" time="0.029" errors="0" timestamp="2023-06-21T10:30:48 IST">
  <testcase classname="GroupExecution.GroupExecution103" name="test3" time="0.0">
    <ignored/>
  </testcase> <!-- test3 -->
  <testcase classname="GroupExecution.GroupExecution103" name="test1" time="0.0">
    <ignored/>
  </testcase> <!-- test1 -->
  <testcase classname="GroupExecution.GroupExecution103" name="test2" time="0.0">
    <ignored/>
  </testcase> <!-- test2 -->
</testsuite>
