<?xml version="1.0" encoding="UTF-8"?>
<!-- Generated by org.testng.reporters.JUnitXMLReporter -->
<testsuite ignored="0" hostname="DESKTOP-CMMN98B" failures="0" tests="3" name="Test2" time="12.378" errors="0" timestamp="2023-06-21T10:31:01 IST">
  <testcase classname="GroupExecution.GroupExecution10_3" name="test1" time="6.56"/>
  <testcase classname="GroupExecution.GroupExecution10_3" name="test2" time="2.922"/>
  <testcase classname="GroupExecution.GroupExecution10_3" name="test3" time="2.842"/>
</testsuite> <!-- Test2 -->
